<?xml version="1.0" encoding="UTF-8"?>
<!-- Generated by org.testng.reporters.JUnitReportReporter -->
<testsuite hostname="LAPTOP-4IBD932O" failures="0" tests="1" name="com.app.TestCases.AppTest" time="0.015" errors="0" timestamp="2022-06-08T16:53:34 IST" skipped="0">
  <testcase classname="com.app.TestCases.AppTest" name="shouldAnswerWithTrue" time="0.015"/>
  <system-out/>
</testsuite> <!-- com.app.TestCases.AppTest -->
